[2026-07-01 22:26:03] جاري فحص: شفق نيوز
[2026-07-01 22:26:05]   + جديد: مكافحة الفساد في العراق.. قراءات غربية للحملة وعلاقتها بزيار
[2026-07-01 22:26:07]   + جديد: 1 تموز.. ما سر أشهر تاريخ ميلاد في العراق؟
[2026-07-01 22:26:08]   + جديد: الإعمار والتنمية يلوم كتلاً سياسية "أفشلت" تعديلاً وزارياً ب
[2026-07-01 22:26:10]   + جديد: سلامة الطيران الأوروبية تمدد حظر التحليق فوق أجواء العراق
[2026-07-01 22:26:11]   + جديد: مسيرة تستهدف مقرا للمعارضة الإيرانية في أربيل
[2026-07-01 22:26:13]   + جديد: بعد 7 أيام.. كربلاء تُعلن جهوزيتها لاستقبال مشيعي المرشد الإ
[2026-07-01 22:26:15]   + جديد: عبر "روانكه".. قرية في أربيل تستقبل أول مشروع كهرباء بالطاقة
[2026-07-01 22:26:16]   + جديد: إعلام إيراني يكشف عن الشخصيات العراقية التي ستشارك بتشييع خا
[2026-07-01 22:26:18]   + جديد: طقس "تشَمَر".. رواية جبال زاغروس عن الحزن والأسى في إيلام
[2026-07-01 22:26:19]   + جديد: قاليباف ينفي السماح بتفتيش المواقع المتضررة: تعهدنا على منشأ
[2026-07-01 22:26:21]   + جديد: أميركا تفرج عن نصف مخزونها النفطي المخصص لتعويض صادرات الخلي
[2026-07-01 22:26:22]   + جديد: أول مشاركة نسوية عراقية.. نفط الشمال يرافق النصر والهلال ببط
[2026-07-01 22:26:22] جاري فحص: بغداد اليوم
[2026-07-01 22:26:23]   لا يوجد أخبار جديدة من بغداد اليوم
[2026-07-01 22:26:23] جاري فحص: السومرية نيوز
[2026-07-01 22:26:23]   لا يوجد أخبار جديدة من السومرية نيوز
[2026-07-01 22:26:23] جاري فحص: المدى
[2026-07-01 22:26:23] تعذر فتح صفحة المدى: 403 Client Error: Forbidden for url: https://almadapaper.net/
[2026-07-01 22:26:23]   لا يوجد أخبار جديدة من المدى
[2026-07-01 22:26:23] انتهى التشغيل — أخبار جديدة: 12 — إجمالي محفوظ: 12
[2026-07-01 22:34:15] جاري فحص: شفق نيوز
[2026-07-01 22:34:18]   + جديد: مكافحة الفساد في العراق.. قراءات غربية للحملة وعلاقتها بزيار
[2026-07-01 22:34:21]   + جديد: 1 تموز.. ما سر أشهر تاريخ ميلاد في العراق؟
[2026-07-01 22:34:23]   + جديد: الإعمار والتنمية يلوم كتلاً سياسية "أفشلت" تعديلاً وزارياً ب
[2026-07-01 22:34:25]   + جديد: سلامة الطيران الأوروبية تمدد حظر التحليق فوق أجواء العراق
[2026-07-01 22:34:27]   + جديد: مسيرة تستهدف مقرا للمعارضة الإيرانية في أربيل
[2026-07-01 22:34:29]   + جديد: بعد 7 أيام.. كربلاء تُعلن جهوزيتها لاستقبال مشيعي المرشد الإ
[2026-07-01 22:34:30]   + جديد: عبر "روانكه".. قرية في أربيل تستقبل أول مشروع كهرباء بالطاقة
[2026-07-01 22:34:32]   + جديد: إعلام إيراني يكشف عن الشخصيات العراقية التي ستشارك بتشييع خا
[2026-07-01 22:34:35]   + جديد: طقس "تشَمَر".. رواية جبال زاغروس عن الحزن والأسى في إيلام
[2026-07-01 22:34:36]   + جديد: قاليباف ينفي السماح بتفتيش المواقع المتضررة: تعهدنا على منشأ
[2026-07-01 22:34:38]   + جديد: أميركا تفرج عن نصف مخزونها النفطي المخصص لتعويض صادرات الخلي
[2026-07-01 22:34:40]   + جديد: أول مشاركة نسوية عراقية.. نفط الشمال يرافق النصر والهلال ببط
[2026-07-01 22:34:40] جاري فحص: بغداد اليوم
[2026-07-01 22:34:41]   لا يوجد أخبار جديدة من بغداد اليوم
[2026-07-01 22:34:41] جاري فحص: السومرية نيوز
[2026-07-01 22:34:42]   لا يوجد أخبار جديدة من السومرية نيوز
[2026-07-01 22:34:42] جاري فحص: المدى
[2026-07-01 22:34:42] تعذر فتح صفحة المدى: 403 Client Error: Forbidden for url: https://almadapaper.net/
[2026-07-01 22:34:42]   لا يوجد أخبار جديدة من المدى
[2026-07-01 22:34:42] انتهى التشغيل — أخبار جديدة: 12 — إجمالي محفوظ: 12
